TN:
SF:C:\Users\Arman Chand\Desktop\Projects\IndiaBankApplication\src\polyfills.ts
FNF:0
FNH:0
LF:0
LH:0
BRF:0
BRH:0
end_of_record
TN:
SF:C:\Users\Arman Chand\Desktop\Projects\IndiaBankApplication\src\test.ts
FNF:0
FNH:0
DA:18,1
DA:23,1
DA:25,1
LF:3
LH:3
BRF:0
BRH:0
end_of_record
TN:
SF:C:\Users\Arman Chand\Desktop\Projects\IndiaBankApplication\src\app\_models\alert.ts
FN:9,(anonymous_0)
FN:14,(anonymous_1)
FNF:2
FNH:2
FNDA:2,(anonymous_0)
FNDA:1,(anonymous_1)
DA:10,2
DA:14,1
DA:15,1
DA:16,1
DA:17,1
DA:18,1
LF:6
LH:6
BRDA:14,0,0,1
BRDA:14,0,1,1
BRF:2
BRH:2
end_of_record
TN:
SF:C:\Users\Arman Chand\Desktop\Projects\IndiaBankApplication\src\app\_models\index.ts
FNF:0
FNH:0
LF:0
LH:0
BRF:0
BRH:0
end_of_record
TN:
SF:C:\Users\Arman Chand\Desktop\Projects\IndiaBankApplication\src\app\_models\user.ts
FNF:0
FNH:0
LF:0
LH:0
BRF:0
BRH:0
end_of_record
TN:
SF:C:\Users\Arman Chand\Desktop\Projects\IndiaBankApplication\src\app\_services\account.service.ts
FN:15,(anonymous_0)
FN:23,(anonymous_1)
FN:27,(anonymous_2)
FN:29,(anonymous_3)
FN:37,(anonymous_4)
FN:44,(anonymous_5)
FN:48,(anonymous_6)
FN:52,(anonymous_7)
FN:56,(anonymous_8)
FN:58,(anonymous_9)
FN:72,(anonymous_10)
FN:74,(anonymous_11)
FNF:12
FNH:2
FNDA:21,(anonymous_0)
FNDA:0,(anonymous_1)
FNDA:1,(anonymous_2)
FNDA:0,(anonymous_3)
FNDA:0,(anonymous_4)
FNDA:0,(anonymous_5)
FNDA:0,(anonymous_6)
FNDA:0,(anonymous_7)
FNDA:0,(anonymous_8)
FNDA:0,(anonymous_9)
FNDA:0,(anonymous_10)
FNDA:0,(anonymous_11)
DA:11,1
DA:16,21
DA:17,21
DA:19,21
DA:20,21
DA:24,0
DA:28,1
DA:31,0
DA:32,0
DA:33,0
DA:39,0
DA:40,0
DA:41,0
DA:45,0
DA:49,0
DA:53,0
DA:57,0
DA:60,0
DA:62,0
DA:63,0
DA:66,0
DA:68,0
DA:73,0
DA:76,0
DA:77,0
DA:79,0
LF:26
LH:6
BRDA:60,0,0,0
BRDA:60,0,1,0
BRDA:76,1,0,0
BRDA:76,1,1,0
BRF:4
BRH:0
end_of_record
TN:
SF:C:\Users\Arman Chand\Desktop\Projects\IndiaBankApplication\src\app\_services\alert.service.ts
FN:8,(anonymous_0)
FN:13,(anonymous_1)
FN:14,(anonymous_2)
FN:18,(anonymous_3)
FN:22,(anonymous_4)
FN:26,(anonymous_5)
FN:30,(anonymous_6)
FN:35,(anonymous_7)
FN:41,(anonymous_8)
FNF:9
FNH:2
FNDA:21,(anonymous_0)
FNDA:0,(anonymous_1)
FNDA:0,(anonymous_2)
FNDA:0,(anonymous_3)
FNDA:0,(anonymous_4)
FNDA:0,(anonymous_5)
FNDA:0,(anonymous_6)
FNDA:0,(anonymous_7)
FNDA:2,(anonymous_8)
DA:8,1
DA:9,21
DA:10,21
DA:14,0
DA:19,0
DA:23,0
DA:27,0
DA:31,0
DA:36,0
DA:37,0
DA:42,2
LF:11
LH:4
BRDA:13,0,0,0
BRDA:14,1,0,0
BRDA:14,1,1,0
BRDA:36,2,0,0
BRDA:36,2,1,0
BRDA:41,3,0,2
BRF:6
BRH:1
end_of_record
TN:
SF:C:\Users\Arman Chand\Desktop\Projects\IndiaBankApplication\src\app\_services\index.ts
FNF:0
FNH:0
LF:0
LH:0
BRF:0
BRH:0
end_of_record
TN:
SF:C:\Users\Arman Chand\Desktop\Projects\IndiaBankApplication\src\app\account\login.component.ts
FN:25,(anonymous_0)
FN:33,(anonymous_1)
FN:46,(anonymous_2)
FN:48,(anonymous_3)
FN:63,(anonymous_4)
FN:66,(anonymous_5)
FNF:6
FNH:4
FNDA:7,(anonymous_0)
FNDA:9,(anonymous_1)
FNDA:2,(anonymous_2)
FNDA:1,(anonymous_3)
FNDA:0,(anonymous_4)
FNDA:0,(anonymous_5)
DA:13,1
DA:14,7
DA:15,7
DA:17,7
DA:18,7
DA:26,7
DA:27,7
DA:28,7
DA:29,7
DA:30,7
DA:34,9
DA:40,9
DA:46,2
DA:49,1
DA:52,1
DA:55,1
DA:56,0
DA:59,1
DA:60,1
DA:64,0
DA:67,0
DA:68,0
LF:22
LH:18
BRDA:40,0,0,9
BRDA:40,0,1,9
BRDA:55,1,0,0
BRDA:55,1,1,1
BRF:4
BRH:3
end_of_record
TN:
SF:C:\Users\Arman Chand\Desktop\Projects\IndiaBankApplication\src\app\account\register.component.ts
FN:38,(anonymous_0)
FN:48,(anonymous_1)
FN:78,(anonymous_2)
FN:83,(anonymous_3)
FN:89,(anonymous_4)
FN:92,(anonymous_5)
FN:115,(anonymous_6)
FN:133,(anonymous_7)
FN:151,(anonymous_8)
FN:167,(anonymous_9)
FN:171,(anonymous_10)
FNF:11
FNH:4
FNDA:14,(anonymous_0)
FNDA:14,(anonymous_1)
FNDA:0,(anonymous_2)
FNDA:0,(anonymous_3)
FNDA:0,(anonymous_4)
FNDA:0,(anonymous_5)
FNDA:0,(anonymous_6)
FNDA:1,(anonymous_7)
FNDA:1,(anonymous_8)
FNDA:0,(anonymous_9)
FNDA:0,(anonymous_10)
DA:10,1
DA:11,14
DA:12,14
DA:14,14
DA:15,14
DA:16,14
DA:20,14
DA:25,14
DA:26,14
DA:27,14
DA:28,14
DA:29,14
DA:31,14
DA:32,14
DA:39,14
DA:40,14
DA:41,14
DA:42,14
DA:43,14
DA:45,14
DA:49,14
DA:80,0
DA:84,0
DA:89,0
DA:93,0
DA:94,0
DA:95,0
DA:96,0
DA:98,0
DA:100,0
DA:103,0
DA:105,0
DA:109,0
DA:119,0
DA:121,0
DA:123,0
DA:126,0
DA:128,0
DA:134,1
DA:136,1
DA:137,0
DA:140,1
DA:141,1
DA:142,1
DA:144,1
DA:145,1
DA:146,1
DA:147,1
DA:152,1
DA:153,1
DA:154,1
DA:156,1
DA:159,1
DA:160,1
DA:163,0
DA:164,0
DA:168,0
DA:169,0
DA:172,0
DA:173,0
LF:60
LH:36
BRDA:93,0,0,0
BRDA:93,0,1,0
BRDA:98,1,0,0
BRDA:98,1,1,0
BRDA:103,2,0,0
BRDA:103,2,1,0
BRDA:103,3,0,0
BRDA:103,3,1,0
BRDA:121,4,0,0
BRDA:121,4,1,0
BRDA:126,5,0,0
BRDA:126,5,1,0
BRDA:136,6,0,0
BRDA:136,6,1,1
BRDA:159,7,0,1
BRDA:159,7,1,0
BRF:16
BRH:2
end_of_record
TN:
SF:C:\Users\Arman Chand\Desktop\Projects\IndiaBankApplication\src\environments\environment.ts
FNF:0
FNH:0
DA:5,1
LF:1
LH:1
BRF:0
BRH:0
end_of_record
